2023-01-18 23:34:59,141 - [INFO] - api.api - (api.py).api_posts(14) - Загрузка постов
2023-01-18 23:39:23,315 - [INFO] - __main__ - (app.py).show_posts(16) - Главная страница
2023-01-18 23:39:28,142 - [INFO] - __main__ - (app.py).show_inform(24) - Информация о выбранном пользователе
2023-01-18 23:39:32,291 - [INFO] - __main__ - (app.py).show_posts(16) - Главная страница
2023-01-18 23:39:36,454 - [INFO] - __main__ - (app.py).search_inform(32) - Поиск по ключевому слову
2023-01-18 23:39:40,292 - [INFO] - __main__ - (app.py).search_inform(32) - Поиск по ключевому слову
2023-01-18 23:54:33,324 - [INFO] - __main__ - (app.py).show_posts(16) - Главная страница
2023-01-18 23:55:48,737 - [INFO] - __main__ - (app.py).show_posts(16) - Главная страница
2023-01-18 23:56:01,793 - [INFO] - __main__ - (app.py).show_inform(24) - Информация о выбранном пользователе
2023-01-19 00:05:32,708 - [INFO] - __main__ - (app.py).show_posts(16) - Главная страница
2023-01-19 00:12:16,071 - [INFO] - __main__ - (app.py).show_posts(16) - Главная страница
2023-01-19 00:13:53,526 - [INFO] - __main__ - (app.py).show_inform(24) - Информация о выбранном пользователе
2023-01-19 00:14:08,104 - [INFO] - __main__ - (app.py).show_posts(16) - Главная страница
2023-01-19 00:17:42,805 - [INFO] - __main__ - (app.py).show_posts(16) - Главная страница
2023-01-19 00:23:57,249 - [INFO] - __main__ - (app.py).show_posts(16) - Главная страница
2023-01-19 00:24:10,930 - [INFO] - __main__ - (app.py).show_inform(24) - Информация о выбранном пользователе
2023-01-19 00:24:13,479 - [INFO] - __main__ - (app.py).show_posts(16) - Главная страница
2023-01-19 00:26:29,216 - [INFO] - __main__ - (app.py).show_posts(16) - Главная страница
2023-01-19 00:28:53,418 - [INFO] - __main__ - (app.py).show_inform(24) - Информация о выбранном пользователе
2023-01-19 00:28:56,865 - [INFO] - __main__ - (app.py).show_posts(16) - Главная страница
2023-01-19 00:29:06,075 - [INFO] - __main__ - (app.py).search_inform(32) - Поиск по ключевому слову
2023-01-19 00:29:09,716 - [INFO] - __main__ - (app.py).show_posts(16) - Главная страница
2023-01-19 08:00:57,391 - [INFO] - api.api - (api.py).api_posts(14) - Загрузка постов
2023-01-19 08:00:57,394 - [INFO] - api.api - (api.py).api_inform(21) - Загрузка поста 2
2023-01-19 08:07:12,100 - [INFO] - __main__ - (app.py).show_posts(17) - Главная страница
2023-01-19 08:07:37,578 - [INFO] - __main__ - (app.py).show_posts(17) - Главная страница
2023-01-19 08:07:40,969 - [INFO] - __main__ - (app.py).show_inform(26) - Информация о выбранном пользователе
2023-01-19 08:08:01,880 - [INFO] - __main__ - (app.py).show_posts(17) - Главная страница
2023-01-19 08:26:18,183 - [INFO] - __main__ - (app.py).show_posts(17) - Главная страница
2023-01-19 08:29:16,027 - [INFO] - __main__ - (app.py).show_inform(26) - Информация о выбранном пользователе
2023-01-19 08:29:37,859 - [INFO] - __main__ - (app.py).show_posts(17) - Главная страница
2023-01-19 08:32:32,295 - [INFO] - __main__ - (app.py).show_posts(17) - Главная страница
2023-01-19 08:35:16,134 - [INFO] - __main__ - (app.py).show_inform(26) - Информация о выбранном пользователе
2023-01-19 08:35:19,482 - [INFO] - __main__ - (app.py).show_posts(17) - Главная страница
2023-01-19 08:36:04,848 - [INFO] - __main__ - (app.py).show_posts(17) - Главная страница
2023-01-19 08:40:55,827 - [INFO] - __main__ - (app.py).show_inform(26) - Информация о выбранном пользователе
2023-01-19 08:48:23,420 - [INFO] - __main__ - (app.py).show_posts(17) - Главная страница
2023-01-19 08:49:41,533 - [INFO] - __main__ - (app.py).show_posts(17) - Главная страница
2023-01-19 08:49:45,832 - [INFO] - __main__ - (app.py).show_posts(17) - Главная страница
2023-01-19 08:57:21,501 - [INFO] - __main__ - (app.py).show_inform(26) - Информация о выбранном пользователе
2023-01-19 08:57:27,682 - [INFO] - __main__ - (app.py).show_posts(17) - Главная страница
2023-01-19 09:03:03,637 - [INFO] - __main__ - (app.py).show_posts(17) - Главная страница
2023-01-19 09:03:08,127 - [INFO] - __main__ - (app.py).user_feed(43) - Все потсты пользователя
2023-01-19 09:03:27,736 - [INFO] - __main__ - (app.py).user_feed(43) - Все потсты пользователя
2023-01-19 09:03:28,936 - [INFO] - __main__ - (app.py).user_feed(43) - Все потсты пользователя
2023-01-19 09:03:30,156 - [INFO] - __main__ - (app.py).show_posts(17) - Главная страница
2023-01-19 09:03:41,240 - [INFO] - __main__ - (app.py).user_feed(43) - Все потсты пользователя
2023-01-19 09:04:04,370 - [INFO] - __main__ - (app.py).user_feed(43) - Все потсты пользователя
2023-01-19 09:04:10,038 - [INFO] - __main__ - (app.py).show_posts(17) - Главная страница
2023-01-19 09:04:20,541 - [INFO] - __main__ - (app.py).user_feed(43) - Все потсты пользователя
2023-01-19 09:04:34,088 - [INFO] - __main__ - (app.py).show_posts(17) - Главная страница
2023-01-19 09:04:41,658 - [INFO] - __main__ - (app.py).user_feed(43) - Все потсты пользователя
2023-01-19 09:04:50,708 - [INFO] - __main__ - (app.py).show_posts(17) - Главная страница
2023-01-19 09:05:32,018 - [INFO] - __main__ - (app.py).search_inform(35) - Поиск по ключевому слову
2023-01-19 09:05:34,164 - [INFO] - __main__ - (app.py).search_inform(35) - Поиск по ключевому слову
2023-01-19 09:05:36,687 - [INFO] - __main__ - (app.py).search_inform(35) - Поиск по ключевому слову
2023-01-19 09:05:44,448 - [INFO] - __main__ - (app.py).search_inform(35) - Поиск по ключевому слову
2023-01-19 09:05:47,169 - [INFO] - __main__ - (app.py).search_inform(35) - Поиск по ключевому слову
2023-01-19 09:09:43,518 - [INFO] - __main__ - (app.py).user_feed(43) - Все потсты пользователя
2023-01-19 09:09:46,887 - [INFO] - __main__ - (app.py).show_posts(17) - Главная страница
2023-01-19 09:09:54,469 - [INFO] - __main__ - (app.py).user_feed(43) - Все потсты пользователя
2023-01-19 09:10:00,100 - [INFO] - __main__ - (app.py).show_posts(17) - Главная страница
2023-01-19 09:10:52,687 - [INFO] - __main__ - (app.py).show_inform(26) - Информация о выбранном пользователе
2023-01-19 09:10:55,939 - [INFO] - __main__ - (app.py).show_posts(17) - Главная страница
2023-01-19 09:17:02,436 - [INFO] - __main__ - (app.py).show_posts(17) - Главная страница
2023-01-19 09:17:11,376 - [INFO] - __main__ - (app.py).show_posts(17) - Главная страница
2023-01-19 09:23:24,231 - [INFO] - __main__ - (app.py).show_posts(17) - Главная страница
2023-01-19 09:26:05,511 - [INFO] - __main__ - (app.py).show_posts(17) - Главная страница
2023-01-19 09:27:23,426 - [INFO] - __main__ - (app.py).show_inform(26) - Информация о выбранном пользователе
2023-01-19 09:28:11,784 - [INFO] - __main__ - (app.py).show_posts(17) - Главная страница
2023-01-19 09:28:19,267 - [INFO] - __main__ - (app.py).show_inform(26) - Информация о выбранном пользователе
2023-01-19 09:28:34,626 - [INFO] - __main__ - (app.py).show_inform(26) - Информация о выбранном пользователе
2023-01-19 09:28:43,904 - [INFO] - __main__ - (app.py).show_posts(17) - Главная страница
2023-01-19 09:29:08,898 - [INFO] - __main__ - (app.py).show_posts(17) - Главная страница
2023-01-19 09:29:59,883 - [INFO] - __main__ - (app.py).show_posts(17) - Главная страница
2023-01-19 09:30:03,105 - [INFO] - __main__ - (app.py).show_inform(26) - Информация о выбранном пользователе
2023-01-19 09:30:05,536 - [INFO] - __main__ - (app.py).show_posts(17) - Главная страница
2023-01-19 09:31:14,988 - [INFO] - __main__ - (app.py).show_posts(17) - Главная страница
2023-01-19 09:31:17,407 - [INFO] - __main__ - (app.py).show_inform(26) - Информация о выбранном пользователе
2023-01-19 09:31:19,939 - [INFO] - __main__ - (app.py).show_posts(17) - Главная страница
2023-01-19 09:32:50,974 - [INFO] - __main__ - (app.py).show_posts(17) - Главная страница
2023-01-19 09:32:52,908 - [INFO] - __main__ - (app.py).show_inform(26) - Информация о выбранном пользователе
2023-01-19 09:32:54,527 - [INFO] - __main__ - (app.py).show_posts(17) - Главная страница
2023-01-19 09:35:24,738 - [INFO] - __main__ - (app.py).show_posts(17) - Главная страница
2023-01-19 09:35:27,566 - [INFO] - __main__ - (app.py).user_feed(43) - Все потсты пользователя
2023-01-19 09:35:30,994 - [INFO] - __main__ - (app.py).show_posts(17) - Главная страница
2023-01-19 09:35:31,812 - [INFO] - __main__ - (app.py).user_feed(43) - Все потсты пользователя
2023-01-19 09:35:34,179 - [INFO] - __main__ - (app.py).show_posts(17) - Главная страница
2023-01-19 09:37:12,987 - [INFO] - __main__ - (app.py).show_posts(17) - Главная страница
2023-01-19 09:41:51,477 - [INFO] - __main__ - (app.py).show_posts(17) - Главная страница
2023-01-19 09:41:54,368 - [INFO] - __main__ - (app.py).show_inform(26) - Информация о выбранном пользователе
2023-01-19 09:42:03,912 - [INFO] - __main__ - (app.py).show_posts(17) - Главная страница
2023-01-19 09:42:05,458 - [INFO] - __main__ - (app.py).show_inform(26) - Информация о выбранном пользователе
2023-01-19 09:42:06,975 - [INFO] - __main__ - (app.py).show_posts(17) - Главная страница
2023-01-19 09:42:20,476 - [INFO] - __main__ - (app.py).show_inform(26) - Информация о выбранном пользователе
2023-01-19 09:42:24,305 - [INFO] - __main__ - (app.py).show_posts(17) - Главная страница
2023-01-19 09:43:07,860 - [INFO] - __main__ - (app.py).show_posts(17) - Главная страница
2023-01-19 09:43:11,009 - [INFO] - __main__ - (app.py).show_inform(26) - Информация о выбранном пользователе
2023-01-19 09:43:14,404 - [INFO] - __main__ - (app.py).show_posts(17) - Главная страница
2023-01-19 09:43:15,711 - [INFO] - __main__ - (app.py).user_feed(43) - Все потсты пользователя
2023-01-19 09:43:17,304 - [INFO] - __main__ - (app.py).show_posts(17) - Главная страница
2023-01-19 09:43:19,772 - [INFO] - __main__ - (app.py).show_inform(26) - Информация о выбранном пользователе
2023-01-19 09:43:28,090 - [INFO] - __main__ - (app.py).show_posts(17) - Главная страница
2023-01-19 09:43:43,891 - [INFO] - __main__ - (app.py).show_inform(26) - Информация о выбранном пользователе
2023-01-19 09:44:16,920 - [INFO] - __main__ - (app.py).show_inform(26) - Информация о выбранном пользователе
2023-01-19 09:44:20,741 - [INFO] - __main__ - (app.py).show_posts(17) - Главная страница
2023-01-19 09:44:21,626 - [INFO] - __main__ - (app.py).show_inform(26) - Информация о выбранном пользователе
2023-01-19 09:44:23,525 - [INFO] - __main__ - (app.py).user_feed(43) - Все потсты пользователя
2023-01-19 09:45:16,742 - [INFO] - __main__ - (app.py).show_posts(17) - Главная страница
2023-01-19 09:45:18,294 - [INFO] - __main__ - (app.py).user_feed(43) - Все потсты пользователя
2023-01-19 09:45:19,574 - [INFO] - __main__ - (app.py).user_feed(43) - Все потсты пользователя
2023-01-19 09:45:20,070 - [INFO] - __main__ - (app.py).user_feed(43) - Все потсты пользователя
2023-01-19 09:45:22,075 - [INFO] - __main__ - (app.py).show_inform(26) - Информация о выбранном пользователе
2023-01-19 09:50:14,046 - [INFO] - __main__ - (app.py).show_posts(17) - Главная страница
2023-01-19 09:50:23,738 - [INFO] - api.api - (api.py).api_posts(14) - Загрузка постов
2023-01-26 08:48:19,510 - [INFO] - __main__ - (app.py).show_posts(17) - Главная страница
2023-01-26 09:17:20,419 - [INFO] - __main__ - (app.py).show_posts(17) - Главная страница
2023-01-26 09:17:28,710 - [INFO] - __main__ - (app.py).show_inform(26) - Информация о выбранном пользователе
2023-04-21 15:48:13,739 - [INFO] - __main__ - (app.py).show_posts(17) - Главная страница
2023-04-21 15:48:16,398 - [INFO] - __main__ - (app.py).show_inform(26) - Информация о выбранном пользователе
2023-04-21 15:48:18,132 - [INFO] - __main__ - (app.py).show_posts(17) - Главная страница
2023-04-21 15:48:19,279 - [INFO] - __main__ - (app.py).user_feed(43) - Все потсты пользователя
2023-04-21 15:48:20,309 - [INFO] - __main__ - (app.py).show_posts(17) - Главная страница
2023-04-21 15:48:20,900 - [INFO] - __main__ - (app.py).show_inform(26) - Информация о выбранном пользователе
2023-04-21 15:48:27,697 - [INFO] - __main__ - (app.py).show_posts(17) - Главная страница
2023-04-21 15:50:47,651 - [INFO] - __main__ - (app.py).show_posts(17) - Главная страница
2023-04-21 15:50:48,561 - [INFO] - __main__ - (app.py).show_inform(26) - Информация о выбранном пользователе
2023-04-21 15:50:49,562 - [INFO] - __main__ - (app.py).user_feed(43) - Все потсты пользователя
2023-04-21 15:50:50,149 - [INFO] - __main__ - (app.py).user_feed(43) - Все потсты пользователя
2023-04-21 15:50:57,247 - [INFO] - __main__ - (app.py).show_posts(17) - Главная страница
2023-04-21 15:50:58,743 - [INFO] - __main__ - (app.py).show_posts(17) - Главная страница
2023-04-21 15:51:01,332 - [INFO] - __main__ - (app.py).show_inform(26) - Информация о выбранном пользователе
2023-04-21 15:51:03,830 - [INFO] - __main__ - (app.py).show_posts(17) - Главная страница
